# JRE version: OpenJDK Runtime Environment Temurin-17.0.10+7 (17.0.10+7) (build 17.0.10+7)
# Java VM: OpenJDK 64-Bit Server VM Temurin-17.0.10+7 (17.0.10+7, mixed mode, tiered, compressed oops, compressed class ptrs, parallel gc, windows-amd64)
GC Precious Log:
 CPUs: 4 total, 4 available
 Memory: 12093M
 Large Page Support: Disabled
 NUMA Support: Disabled
 Compressed Oops: Enabled (32-bit)
 Alignments: Space 512K, Generation 512K, Heap 2M
 Heap Min Capacity: 100M
 Heap Initial Capacity: 100M
 Heap Max Capacity: 1G
 Pre-touch: Disabled
 Parallel Workers: 4
Heap:
 PSYoungGen      total 4608K, used 4256K [0x00000000eab00000, 0x00000000eb100000, 0x0000000100000000)
  eden space 4096K, 100% used [0x00000000eab00000,0x00000000eaf00000,0x00000000eaf00000)
  from space 512K, 31% used [0x00000000eaf00000,0x00000000eaf28000,0x00000000eaf80000)
  to   space 512K, 0% used [0x00000000eb080000,0x00000000eb080000,0x00000000eb100000)
 ParOldGen       total 136192K, used 128399K [0x00000000c0000000, 0x00000000c8500000, 0x00000000eab00000)
  object space 136192K, 94% used [0x00000000c0000000,0x00000000c7d63e40,0x00000000c8500000)
 Metaspace       used 73429K, committed 74816K, reserved 1179648K
  class space    used 7711K, committed 8384K, reserved 1048576K
GC Heap History (20 events):
Event: 96.043 GC heap before
{Heap before GC invocations=223 (full 7):
 PSYoungGen      total 4608K, used 4548K [0x00000000eab00000, 0x00000000eb100000, 0x0000000100000000)
  eden space 4096K, 100% used [0x00000000eab00000,0x00000000eaf00000,0x00000000eaf00000)
  from space 512K, 88% used [0x00000000eaf00000,0x00000000eaf71278,0x00000000eaf80000)
  to   space 512K, 0% used [0x00000000eb080000,0x00000000eb080000,0x00000000eb100000)
 ParOldGen       total 136192K, used 126637K [0x00000000c0000000, 0x00000000c8500000, 0x00000000eab00000)
  object space 136192K, 92% used [0x00000000c0000000,0x00000000c7bab6a0,0x00000000c8500000)
 Metaspace       used 73265K, committed 74688K, reserved 1179648K
  class space    used 7689K, committed 8384K, reserved 1048576K
}
Event: 96.045 GC heap after
{Heap after GC invocations=223 (full 7):
 PSYoungGen      total 4608K, used 384K [0x00000000eab00000, 0x00000000eb100000, 0x0000000100000000)
  eden space 4096K, 0% used [0x00000000eab00000,0x00000000eab00000,0x00000000eaf00000)
  from space 512K, 75% used [0x00000000eb080000,0x00000000eb0e0000,0x00000000eb100000)
  to   space 512K, 0% used [0x00000000eaf00000,0x00000000eaf00000,0x00000000eaf80000)
 ParOldGen       total 136192K, used 127042K [0x00000000c0000000, 0x00000000c8500000, 0x00000000eab00000)
  object space 136192K, 93% used [0x00000000c0000000,0x00000000c7c10918,0x00000000c8500000)
 Metaspace       used 73265K, committed 74688K, reserved 1179648K
  class space    used 7689K, committed 8384K, reserved 1048576K
}
Event: 96.090 GC heap before
{Heap before GC invocations=224 (full 7):
 PSYoungGen      total 4608K, used 4480K [0x00000000eab00000, 0x00000000eb100000, 0x0000000100000000)
  eden space 4096K, 100% used [0x00000000eab00000,0x00000000eaf00000,0x00000000eaf00000)
  from space 512K, 75% used [0x00000000eb080000,0x00000000eb0e0000,0x00000000eb100000)
  to   space 512K, 0% used [0x00000000eaf00000,0x00000000eaf00000,0x00000000eaf80000)
 ParOldGen       total 136192K, used 127165K [0x00000000c0000000, 0x00000000c8500000, 0x00000000eab00000)
  object space 136192K, 93% used [0x00000000c0000000,0x00000000c7c2f468,0x00000000c8500000)
 Metaspace       used 73265K, committed 74688K, reserved 1179648K
  class space    used 7689K, committed 8384K, reserved 1048576K
}
Event: 96.092 GC heap after
{Heap after GC invocations=224 (full 7):
 PSYoungGen      total 4608K, used 160K [0x00000000eab00000, 0x00000000eb100000, 0x0000000100000000)
  eden space 4096K, 0% used [0x00000000eab00000,0x00000000eab00000,0x00000000eaf00000)
  from space 512K, 31% used [0x00000000eaf00000,0x00000000eaf28000,0x00000000eaf80000)
  to   space 512K, 0% used [0x00000000eb080000,0x00000000eb080000,0x00000000eb100000)
 ParOldGen       total 136192K, used 127461K [0x00000000c0000000, 0x00000000c8500000, 0x00000000eab00000)
  object space 136192K, 93% used [0x00000000c0000000,0x00000000c7c79468,0x00000000c8500000)
 Metaspace       used 73265K, committed 74688K, reserved 1179648K
  class space    used 7689K, committed 8384K, reserved 1048576K
}
Event: 96.252 GC heap before
{Heap before GC invocations=225 (full 7):
 PSYoungGen      total 4608K, used 4256K [0x00000000eab00000, 0x00000000eb100000, 0x0000000100000000)
  eden space 4096K, 100% used [0x00000000eab00000,0x00000000eaf00000,0x00000000eaf00000)
  from space 512K, 31% used [0x00000000eaf00000,0x00000000eaf28000,0x00000000eaf80000)
  to   space 512K, 0% used [0x00000000eb080000,0x00000000eb080000,0x00000000eb100000)
 ParOldGen       total 136192K, used 127463K [0x00000000c0000000, 0x00000000c8500000, 0x00000000eab00000)
  object space 136192K, 93% used [0x00000000c0000000,0x00000000c7c79f48,0x00000000c8500000)
 Metaspace       used 73270K, committed 74688K, reserved 1179648K
  class space    used 7690K, committed 8384K, reserved 1048576K
}
Event: 96.254 GC heap after
{Heap after GC invocations=225 (full 7):
 PSYoungGen      total 4608K, used 260K [0x00000000eab00000, 0x00000000eb100000, 0x0000000100000000)
  eden space 4096K, 0% used [0x00000000eab00000,0x00000000eab00000,0x00000000eaf00000)
  from space 512K, 50% used [0x00000000eb080000,0x00000000eb0c12a0,0x00000000eb100000)
  to   space 512K, 0% used [0x00000000eaf00000,0x00000000eaf00000,0x00000000eaf80000)
 ParOldGen       total 136192K, used 127541K [0x00000000c0000000, 0x00000000c8500000, 0x00000000eab00000)
  object space 136192K, 93% used [0x00000000c0000000,0x00000000c7c8d5c0,0x00000000c8500000)
 Metaspace       used 73270K, committed 74688K, reserved 1179648K
  class space    used 7690K, committed 8384K, reserved 1048576K
}
Event: 96.384 GC heap before
{Heap before GC invocations=226 (full 7):
 PSYoungGen      total 4608K, used 4345K [0x00000000eab00000, 0x00000000eb100000, 0x0000000100000000)
  eden space 4096K, 99% used [0x00000000eab00000,0x00000000eaefd4e0,0x00000000eaf00000)
  from space 512K, 50% used [0x00000000eb080000,0x00000000eb0c12a0,0x00000000eb100000)
  to   space 512K, 0% used [0x00000000eaf00000,0x00000000eaf00000,0x00000000eaf80000)
 ParOldGen       total 136192K, used 127541K [0x00000000c0000000, 0x00000000c8500000, 0x00000000eab00000)
  object space 136192K, 93% used [0x00000000c0000000,0x00000000c7c8d5c0,0x00000000c8500000)
 Metaspace       used 73278K, committed 74688K, reserved 1179648K
  class space    used 7690K, committed 8384K, reserved 1048576K
}
Event: 96.385 GC heap after
{Heap after GC invocations=226 (full 7):
 PSYoungGen      total 4608K, used 128K [0x00000000eab00000, 0x00000000eb100000, 0x0000000100000000)
  eden space 4096K, 0% used [0x00000000eab00000,0x00000000eab00000,0x00000000eaf00000)
  from space 512K, 25% used [0x00000000eaf00000,0x00000000eaf20000,0x00000000eaf80000)
  to   space 512K, 0% used [0x00000000eb080000,0x00000000eb080000,0x00000000eb100000)
 ParOldGen       total 136192K, used 127754K [0x00000000c0000000, 0x00000000c8500000, 0x00000000eab00000)
  object space 136192K, 93% used [0x00000000c0000000,0x00000000c7cc2860,0x00000000c8500000)
 Metaspace       used 73278K, committed 74688K, reserved 1179648K
  class space    used 7690K, committed 8384K, reserved 1048576K
}
Event: 96.519 GC heap before
{Heap before GC invocations=227 (full 7):
 PSYoungGen      total 4608K, used 4220K [0x00000000eab00000, 0x00000000eb100000, 0x0000000100000000)
  eden space 4096K, 99% used [0x00000000eab00000,0x00000000eaeff2e8,0x00000000eaf00000)
  from space 512K, 25% used [0x00000000eaf00000,0x00000000eaf20000,0x00000000eaf80000)
  to   space 512K, 0% used [0x00000000eb080000,0x00000000eb080000,0x00000000eb100000)
 ParOldGen       total 136192K, used 127754K [0x00000000c0000000, 0x00000000c8500000, 0x00000000eab00000)
  object space 136192K, 93% used [0x00000000c0000000,0x00000000c7cc2860,0x00000000c8500000)
 Metaspace       used 73280K, committed 74688K, reserved 1179648K
  class space    used 7690K, committed 8384K, reserved 1048576K
}
Event: 96.521 GC heap after
{Heap after GC invocations=227 (full 7):
 PSYoungGen      total 4608K, used 128K [0x00000000eab00000, 0x00000000eb100000, 0x0000000100000000)
  eden space 4096K, 0% used [0x00000000eab00000,0x00000000eab00000,0x00000000eaf00000)
  from space 512K, 25% used [0x00000000eb080000,0x00000000eb0a0000,0x00000000eb100000)
  to   space 512K, 0% used [0x00000000eaf00000,0x00000000eaf00000,0x00000000eaf80000)
 ParOldGen       total 136192K, used 127802K [0x00000000c0000000, 0x00000000c8500000, 0x00000000eab00000)
  object space 136192K, 93% used [0x00000000c0000000,0x00000000c7cce860,0x00000000c8500000)
 Metaspace       used 73280K, committed 74688K, reserved 1179648K
  class space    used 7690K, committed 8384K, reserved 1048576K
}
Event: 96.678 GC heap before
{Heap before GC invocations=228 (full 7):
 PSYoungGen      total 4608K, used 4224K [0x00000000eab00000, 0x00000000eb100000, 0x0000000100000000)
  eden space 4096K, 100% used [0x00000000eab00000,0x00000000eaf00000,0x00000000eaf00000)
  from space 512K, 25% used [0x00000000eb080000,0x00000000eb0a0000,0x00000000eb100000)
  to   space 512K, 0% used [0x00000000eaf00000,0x00000000eaf00000,0x00000000eaf80000)
 ParOldGen       total 136192K, used 127804K [0x00000000c0000000, 0x00000000c8500000, 0x00000000eab00000)
  object space 136192K, 93% used [0x00000000c0000000,0x00000000c7ccf058,0x00000000c8500000)
 Metaspace       used 73315K, committed 74752K, reserved 1179648K
  class space    used 7691K, committed 8384K, reserved 1048576K
}
Event: 96.680 GC heap after
{Heap after GC invocations=228 (full 7):
 PSYoungGen      total 4608K, used 308K [0x00000000eab00000, 0x00000000eb100000, 0x0000000100000000)
  eden space 4096K, 0% used [0x00000000eab00000,0x00000000eab00000,0x00000000eaf00000)
  from space 512K, 60% used [0x00000000eaf00000,0x00000000eaf4d1d8,0x00000000eaf80000)
  to   space 512K, 0% used [0x00000000eb080000,0x00000000eb080000,0x00000000eb100000)
 ParOldGen       total 136192K, used 127868K [0x00000000c0000000, 0x00000000c8500000, 0x00000000eab00000)
  object space 136192K, 93% used [0x00000000c0000000,0x00000000c7cdf058,0x00000000c8500000)
 Metaspace       used 73315K, committed 74752K, reserved 1179648K
  class space    used 7691K, committed 8384K, reserved 1048576K
}
Event: 96.830 GC heap before
{Heap before GC invocations=229 (full 7):
 PSYoungGen      total 4608K, used 4404K [0x00000000eab00000, 0x00000000eb100000, 0x0000000100000000)
  eden space 4096K, 100% used [0x00000000eab00000,0x00000000eaf00000,0x00000000eaf00000)
  from space 512K, 60% used [0x00000000eaf00000,0x00000000eaf4d1d8,0x00000000eaf80000)
  to   space 512K, 0% used [0x00000000eb080000,0x00000000eb080000,0x00000000eb100000)
 ParOldGen       total 136192K, used 127868K [0x00000000c0000000, 0x00000000c8500000, 0x00000000eab00000)
  object space 136192K, 93% used [0x00000000c0000000,0x00000000c7cdf058,0x00000000c8500000)
 Metaspace       used 73329K, committed 74752K, reserved 1179648K
  class space    used 7693K, committed 8384K, reserved 1048576K
}
Event: 96.832 GC heap after
{Heap after GC invocations=229 (full 7):
 PSYoungGen      total 4608K, used 342K [0x00000000eab00000, 0x00000000eb100000, 0x0000000100000000)
  eden space 4096K, 0% used [0x00000000eab00000,0x00000000eab00000,0x00000000eaf00000)
  from space 512K, 66% used [0x00000000eb080000,0x00000000eb0d5bf0,0x00000000eb100000)
  to   space 512K, 0% used [0x00000000eaf00000,0x00000000eaf00000,0x00000000eaf80000)
 ParOldGen       total 136192K, used 128088K [0x00000000c0000000, 0x00000000c8500000, 0x00000000eab00000)
  object space 136192K, 94% used [0x00000000c0000000,0x00000000c7d16250,0x00000000c8500000)
 Metaspace       used 73329K, committed 74752K, reserved 1179648K
  class space    used 7693K, committed 8384K, reserved 1048576K
}
Event: 96.909 GC heap before
{Heap before GC invocations=230 (full 7):
 PSYoungGen      total 4608K, used 4438K [0x00000000eab00000, 0x00000000eb100000, 0x0000000100000000)
  eden space 4096K, 100% used [0x00000000eab00000,0x00000000eaf00000,0x00000000eaf00000)
  from space 512K, 66% used [0x00000000eb080000,0x00000000eb0d5bf0,0x00000000eb100000)
  to   space 512K, 0% used [0x00000000eaf00000,0x00000000eaf00000,0x00000000eaf80000)
 ParOldGen       total 136192K, used 128088K [0x00000000c0000000, 0x00000000c8500000, 0x00000000eab00000)
  object space 136192K, 94% used [0x00000000c0000000,0x00000000c7d16250,0x00000000c8500000)
 Metaspace       used 73331K, committed 74752K, reserved 1179648K
  class space    used 7694K, committed 8384K, reserved 1048576K
}
Event: 96.915 GC heap after
{Heap after GC invocations=230 (full 7):
 PSYoungGen      total 4608K, used 160K [0x00000000eab00000, 0x00000000eb100000, 0x0000000100000000)
  eden space 4096K, 0% used [0x00000000eab00000,0x00000000eab00000,0x00000000eaf00000)
  from space 512K, 31% used [0x00000000eaf00000,0x00000000eaf28000,0x00000000eaf80000)
  to   space 512K, 0% used [0x00000000eb080000,0x00000000eb080000,0x00000000eb100000)
 ParOldGen       total 136192K, used 128287K [0x00000000c0000000, 0x00000000c8500000, 0x00000000eab00000)
  object space 136192K, 94% used [0x00000000c0000000,0x00000000c7d47e40,0x00000000c8500000)
 Metaspace       used 73331K, committed 74752K, reserved 1179648K
  class space    used 7694K, committed 8384K, reserved 1048576K
}
Event: 96.954 GC heap before
{Heap before GC invocations=231 (full 7):
 PSYoungGen      total 4608K, used 4256K [0x00000000eab00000, 0x00000000eb100000, 0x0000000100000000)
  eden space 4096K, 100% used [0x00000000eab00000,0x00000000eaf00000,0x00000000eaf00000)
  from space 512K, 31% used [0x00000000eaf00000,0x00000000eaf28000,0x00000000eaf80000)
  to   space 512K, 0% used [0x00000000eb080000,0x00000000eb080000,0x00000000eb100000)
 ParOldGen       total 136192K, used 128287K [0x00000000c0000000, 0x00000000c8500000, 0x00000000eab00000)
  object space 136192K, 94% used [0x00000000c0000000,0x00000000c7d47e40,0x00000000c8500000)
 Metaspace       used 73337K, committed 74752K, reserved 1179648K
  class space    used 7694K, committed 8384K, reserved 1048576K
}
Event: 96.956 GC heap after
{Heap after GC invocations=231 (full 7):
 PSYoungGen      total 4608K, used 128K [0x00000000eab00000, 0x00000000eb100000, 0x0000000100000000)
  eden space 4096K, 0% used [0x00000000eab00000,0x00000000eab00000,0x00000000eaf00000)
  from space 512K, 25% used [0x00000000eb080000,0x00000000eb0a0000,0x00000000eb100000)
  to   space 512K, 0% used [0x00000000eaf00000,0x00000000eaf00000,0x00000000eaf80000)
 ParOldGen       total 136192K, used 128351K [0x00000000c0000000, 0x00000000c8500000, 0x00000000eab00000)
  object space 136192K, 94% used [0x00000000c0000000,0x00000000c7d57e40,0x00000000c8500000)
 Metaspace       used 73337K, committed 74752K, reserved 1179648K
  class space    used 7694K, committed 8384K, reserved 1048576K
}
Event: 97.019 GC heap before
{Heap before GC invocations=232 (full 7):
 PSYoungGen      total 4608K, used 4224K [0x00000000eab00000, 0x00000000eb100000, 0x0000000100000000)
  eden space 4096K, 100% used [0x00000000eab00000,0x00000000eaf00000,0x00000000eaf00000)
  from space 512K, 25% used [0x00000000eb080000,0x00000000eb0a0000,0x00000000eb100000)
  to   space 512K, 0% used [0x00000000eaf00000,0x00000000eaf00000,0x00000000eaf80000)
 ParOldGen       total 136192K, used 128351K [0x00000000c0000000, 0x00000000c8500000, 0x00000000eab00000)
  object space 136192K, 94% used [0x00000000c0000000,0x00000000c7d57e40,0x00000000c8500000)
 Metaspace       used 73337K, committed 74752K, reserved 1179648K
  class space    used 7694K, committed 8384K, reserved 1048576K
}
Event: 97.020 GC heap after
{Heap after GC invocations=232 (full 7):
 PSYoungGen      total 4608K, used 160K [0x00000000eab00000, 0x00000000eb100000, 0x0000000100000000)
  eden space 4096K, 0% used [0x00000000eab00000,0x00000000eab00000,0x00000000eaf00000)
  from space 512K, 31% used [0x00000000eaf00000,0x00000000eaf28000,0x00000000eaf80000)
  to   space 512K, 0% used [0x00000000eb080000,0x00000000eb080000,0x00000000eb100000)
 ParOldGen       total 136192K, used 128399K [0x00000000c0000000, 0x00000000c8500000, 0x00000000eab00000)
  object space 136192K, 94% used [0x00000000c0000000,0x00000000c7d63e40,0x00000000c8500000)
 Metaspace       used 73337K, committed 74752K, reserved 1179648K
  class space    used 7694K, committed 8384K, reserved 1048576K
}

